<?xml version="1.0" encoding="UTF-8"?>
<!-- Generated by org.testng.reporters.JUnitReportReporter -->
<testsuite hostname="DESKTOP-ANBKKJ2" failures="0" tests="1" name="AbhiBus.AbhiBus" time="2.966" errors="0" timestamp="2024-09-21T16:24:38 IST" skipped="0">
  <testcase classname="AbhiBus.AbhiBus" name="checkTitle" time="2.966"/>
</testsuite> <!-- AbhiBus.AbhiBus -->
