<?xml version="1.0" encoding="UTF-8"?>
<!-- Generated by org.testng.reporters.JUnitReportReporter -->
<testsuite hostname="DESKTOP-ANBKKJ2" failures="0" tests="1" name="AbhiBus.AbhiBus" time="3.514" errors="0" timestamp="2024-09-21T16:37:09 IST" skipped="0">
  <testcase classname="AbhiBus.AbhiBus" name="checkTitle" time="3.514"/>
</testsuite> <!-- AbhiBus.AbhiBus -->
